  29
   3500.0   2.000  2.70828567e+09  2.02566832e+08
   3750.0   2.000  3.56881897e+09  5.92537487e+08
   4000.0   2.000  4.62069911e+09  1.09427158e+09
   4250.0   2.000  5.88698479e+09  1.70476420e+09
   4500.0   2.000  7.39954037e+09  2.30399134e+09
   4750.0   2.000  9.18715127e+09  3.15415635e+09
   5000.0   2.000  1.12788583e+10  4.18110760e+09
   5250.0   2.000  1.37098226e+10  5.28597729e+09
   5500.0   2.000  1.65147849e+10  6.61622452e+09
   5750.0   2.000  1.97275721e+10  8.12572490e+09
   6000.0   2.000  2.33879687e+10  9.77433807e+09
   6250.0   2.000  2.75372251e+10  1.17958724e+10
   6500.0   2.000  3.22148428e+10  1.40905249e+10
   6750.0   2.000  3.74630436e+10  1.66743069e+10
   7000.0   2.000  4.33293526e+10  1.93134083e+10
   7250.0   2.000  4.98583675e+10  2.22638100e+10
   7500.0   2.000  5.71023013e+10  2.53935181e+10
   7750.0   2.000  6.50784234e+10  2.83437294e+10
   8000.0   2.000  7.38884837e+10  3.12717498e+10
   8250.0   2.000  8.36021068e+10  3.39861876e+10
   8500.0   2.000  9.42020311e+10  3.68666584e+10
   8750.0   2.000  1.05749668e+11  3.98473050e+10
   9000.0   2.000  1.18450613e+11  4.26631284e+10
   9250.0   2.000  1.32122617e+11  4.52673936e+10
   9500.0   2.000  1.46988510e+11  4.84902471e+10
   9750.0   2.000  1.63091553e+11  5.19112870e+10
  10000.0   2.000  1.80470625e+11  5.45218838e+10
  10500.0   2.000  2.19347693e+11  5.92159425e+10
  14000.0   2.000  6.93359211e+11  1.02496332e+11
