  58
   2000.0   3.500  2.88763950e+08  2.84354785e+06
   2200.0   3.500  4.22847989e+08  7.98886262e+06
   2500.0   3.500  7.05034769e+08  2.49215792e+07
   2800.0   3.500  1.10946047e+09  6.33266824e+07
   3000.0   3.500  1.46222757e+09  9.93743029e+07
   3200.0   3.500  1.89184646e+09  1.48772957e+08
   3350.0   3.500  2.27291453e+09  2.15095468e+08
   3500.0   3.500  2.70752657e+09  3.61517164e+08
   3750.0   3.500  3.56924365e+09  6.25935846e+08
   4000.0   3.500  4.61843174e+09  1.14199679e+09
   4250.0   3.500  5.89044466e+09  1.67799343e+09
   4500.0   3.500  7.39805853e+09  2.29350517e+09
   4750.0   3.500  9.18695423e+09  3.13678210e+09
   5000.0   3.500  1.12792386e+10  4.14943787e+09
   5250.0   3.500  1.37101520e+10  5.23067728e+09
   5500.0   3.500  1.65139418e+10  6.52379254e+09
   5750.0   3.500  1.97266489e+10  7.98027444e+09
   6000.0   3.500  2.33895542e+10  9.56180972e+09
   6250.0   3.500  2.75381758e+10  1.14985360e+10
   6500.0   3.500  3.22146090e+10  1.36557723e+10
   6750.0   3.500  3.74632148e+10  1.60705389e+10
   7000.0   3.500  4.33291809e+10  1.85596444e+10
   7250.0   3.500  4.98617964e+10  2.14598372e+10
   7500.0   3.500  5.71035309e+10  2.46694459e+10
   7750.0   3.500  6.51169175e+10  2.77588590e+10
   8000.0   3.500  7.38840085e+10  3.08284910e+10
   8250.0   3.500  8.35991360e+10  3.37161406e+10
   8500.0   3.500  9.42078282e+10  3.68458269e+10
   8750.0   3.500  1.05795170e+11  4.00612690e+10
   9000.0   3.500  1.18392215e+11  4.29763269e+10
   9250.0   3.500  1.32119013e+11  4.56618055e+10
   9500.0   3.500  1.46985478e+11  4.89286126e+10
   9750.0   3.500  1.63083810e+11  5.23774244e+10
  10000.0   3.500  1.80460413e+11  5.49780255e+10
  10500.0   3.500  2.19364150e+11  5.96293208e+10
  11000.0   3.500  2.64217319e+11  6.40179168e+10
  11500.0   3.500  3.15634682e+11  6.44373749e+10
  12000.0   3.500  3.74223684e+11  7.89132523e+10
  12500.0   3.500  4.40609609e+11  8.50563159e+10
  13000.0   3.500  5.15451951e+11  9.11957001e+10
  14000.0   3.500  6.93273312e+11  1.03527126e+11
  15000.0   3.500  9.13376464e+11  1.16050305e+11
  16000.0   3.500  1.18312463e+12  1.29085132e+11
  17000.0   3.500  1.50773078e+12  1.42563249e+11
  18000.0   3.500  1.89486000e+12  1.56774759e+11
  19000.0   3.500  2.35210915e+12  1.71819866e+11
  20000.0   3.500  2.88805727e+12  1.87854681e+11
  21000.0   3.500  3.51081818e+12  2.04968309e+11
  22000.0   3.500  4.22930330e+12  2.23160420e+11
  23000.0   3.500  5.04810896e+12  2.42052666e+11
  24000.0   3.500  5.98631589e+12  2.61913209e+11
  25000.0   3.500  7.04914403e+12  2.82541473e+11
  26000.0   3.500  8.24706175e+12  3.04279268e+11
  27000.0   3.500  9.58982104e+12  3.28004897e+11
  28000.0   3.500  1.10931340e+13  3.53929715e+11
  29000.0   3.500  1.27663744e+13  3.81236465e+11
  30000.0   3.500  1.46187128e+13  4.08585305e+11
  31000.0   3.500  1.66685117e+13  4.34237139e+11
