  39
   3500.0   2.500  2.70767453e+09  1.96073391e+08
   3750.0   2.500  3.56929573e+09  5.80367435e+08
   4000.0   2.500  4.61790876e+09  1.08648103e+09
   4250.0   2.500  5.89029993e+09  1.70338530e+09
   4500.0   2.500  7.40317167e+09  2.30317683e+09
   4750.0   2.500  9.18688631e+09  3.14821433e+09
   5000.0   2.500  1.12790978e+10  4.16842188e+09
   5250.0   2.500  1.37093491e+10  5.26267076e+09
   5500.0   2.500  1.65137815e+10  6.57837982e+09
   5750.0   2.500  1.97265670e+10  8.06844873e+09
   6000.0   2.500  2.33874518e+10  9.69295528e+09
   6250.0   2.500  2.75357306e+10  1.16891445e+10
   6500.0   2.500  3.22137582e+10  1.39238603e+10
   6750.0   2.500  3.74651690e+10  1.64485480e+10
   7000.0   2.500  4.33293405e+10  1.90910181e+10
   7250.0   2.500  4.98590217e+10  2.20832717e+10
   7500.0   2.500  5.71027634e+10  2.52664985e+10
   7750.0   2.500  6.51287211e+10  2.82715853e+10
   8000.0   2.500  7.39030930e+10  3.12443735e+10
   8250.0   2.500  8.36054806e+10  3.40301364e+10
   8500.0   2.500  9.42095436e+10  3.69901403e+10
   8750.0   2.500  1.05831889e+11  4.00636583e+10
   9000.0   2.500  1.18427982e+11  4.28923330e+10
   9250.0   2.500  1.32123505e+11  4.55537802e+10
   9500.0   2.500  1.46985392e+11  4.88251404e+10
   9750.0   2.500  1.63081807e+11  5.22961945e+10
  10000.0   2.500  1.80467977e+11  5.49511903e+10
  10500.0   2.500  2.19368107e+11  5.97443387e+10
  11000.0   2.500  2.64215398e+11  6.42454412e+10
  11500.0   2.500  3.15635790e+11  6.48380984e+10
  12000.0   2.500  3.74255236e+11  7.89650448e+10
  12500.0   2.500  4.40596144e+11  8.50602750e+10
  13000.0   2.500  5.15359727e+11  9.12009857e+10
  14000.0   2.500  6.93599766e+11  1.03870902e+11
  15000.0   2.500  9.13756317e+11  1.17058445e+11
  16000.0   2.500  1.18254496e+12  1.31063644e+11
  17000.0   2.500  1.50707449e+12  1.46066909e+11
  18000.0   2.500  1.89410290e+12  1.62202595e+11
  19000.0   2.500  2.35141141e+12  1.79476881e+11
