  62
   2000.0   4.000  2.88776710e+08  2.73536562e+06
   2200.0   4.000  4.22673201e+08  7.79952907e+06
   2500.0   4.000  7.05109950e+08  2.57122969e+07
   2800.0   4.000  1.10887267e+09  6.55640542e+07
   3000.0   4.000  1.46161796e+09  1.14432668e+08
   3200.0   4.000  1.89198122e+09  1.84889614e+08
   3350.0   4.000  2.27349562e+09  2.60802182e+08
   3500.0   4.000  2.70768247e+09  4.21995796e+08
   3750.0   4.000  3.56942320e+09  6.68847858e+08
   4000.0   4.000  4.62046869e+09  1.14201732e+09
   4250.0   4.000  5.88846785e+09  1.66868773e+09
   4500.0   4.000  7.39675133e+09  2.28717175e+09
   4750.0   4.000  9.18740227e+09  3.13207638e+09
   5000.0   4.000  1.12787286e+10  4.14396960e+09
   5250.0   4.000  1.37093992e+10  5.22303678e+09
   5500.0   4.000  1.65140322e+10  6.51114810e+09
   5750.0   4.000  1.97272462e+10  7.95564477e+09
   6000.0   4.000  2.33888262e+10  9.51735584e+09
   6250.0   4.000  2.75375665e+10  1.14254382e+10
   6500.0   4.000  3.22161727e+10  1.35426065e+10
   6750.0   4.000  3.74631606e+10  1.59040820e+10
   7000.0   4.000  4.33298569e+10  1.83314307e+10
   7250.0   4.000  4.98611169e+10  2.11776146e+10
   7500.0   4.000  5.71009811e+10  2.42835936e+10
   7750.0   4.000  6.51283319e+10  2.73077681e+10
   8000.0   4.000  7.39385165e+10  3.04282224e+10
   8250.0   4.000  8.35984957e+10  3.33649548e+10
   8500.0   4.000  9.42041433e+10  3.65494673e+10
   8750.0   4.000  1.05781172e+11  3.98656662e+10
   9000.0   4.000  1.18389858e+11  4.28656268e+10
   9250.0   4.000  1.32120650e+11  4.56024520e+10
   9500.0   4.000  1.46992474e+11  4.88909513e+10
   9750.0   4.000  1.63093948e+11  5.23398626e+10
  10000.0   4.000  1.80466347e+11  5.49039109e+10
  10500.0   4.000  2.19351351e+11  5.94593720e+10
  11000.0   4.000  2.64229582e+11  6.37411211e+10
  11500.0   4.000  3.15637057e+11  6.40282386e+10
  12000.0   4.000  3.74193978e+11  7.85408606e+10
  12500.0   4.000  4.40583426e+11  8.46729127e+10
  13000.0   4.000  5.15449124e+11  9.08133724e+10
  14000.0   4.000  6.93256421e+11  1.03111252e+11
  15000.0   4.000  9.13514099e+11  1.15509991e+11
  16000.0   4.000  1.18230384e+12  1.28154029e+11
  17000.0   4.000  1.50794871e+12  1.41326468e+11
  18000.0   4.000  1.89498897e+12  1.54943581e+11
  19000.0   4.000  2.35218540e+12  1.69204174e+11
  20000.0   4.000  2.88797535e+12  1.84267319e+11
  21000.0   4.000  3.51064895e+12  2.00237502e+11
  22000.0   4.000  4.22914211e+12  2.17198668e+11
  23000.0   4.000  5.05270624e+12  2.35176716e+11
  24000.0   4.000  5.98560723e+12  2.53836864e+11
  25000.0   4.000  7.04900343e+12  2.73526383e+11
  26000.0   4.000  8.24762094e+12  2.93947091e+11
  27000.0   4.000  9.59003034e+12  3.15356666e+11
  28000.0   4.000  1.10936385e+13  3.38291664e+11
  29000.0   4.000  1.27637663e+13  3.63224818e+11
  30000.0   4.000  1.46164316e+13  3.89902958e+11
  31000.0   4.000  1.66660287e+13  4.17577854e+11
  32000.0   4.000  1.89233904e+13  4.45610030e+11
  33000.0   4.000  2.14018936e+13  4.72315656e+11
  34000.0   4.000  2.41166671e+13  4.97484553e+11
  35000.0   4.000  2.70819518e+13  5.20606423e+11
