  64
   2000.0   4.500  2.88670069e+08  2.69359679e+06
   2200.0   4.500  4.22831176e+08  7.46589346e+06
   2500.0   4.500  7.05058267e+08  2.52384760e+07
   2800.0   4.500  1.10928700e+09  6.76918271e+07
   3000.0   4.500  1.46137903e+09  1.20921034e+08
   3200.0   4.500  1.89244836e+09  2.03519971e+08
   3350.0   4.500  2.27229823e+09  2.98334891e+08
   3500.0   4.500  2.70886370e+09  4.55135631e+08
   3750.0   4.500  3.56957851e+09  7.22627801e+08
   4000.0   4.500  4.62015150e+09  1.17505986e+09
   4250.0   4.500  5.88939193e+09  1.66700105e+09
   4500.0   4.500  7.40333664e+09  2.28219504e+09
   4750.0   4.500  9.18689612e+09  3.12665873e+09
   5000.0   4.500  1.12796163e+10  4.14114102e+09
   5250.0   4.500  1.37102157e+10  5.22181907e+09
   5500.0   4.500  1.65144198e+10  6.50931538e+09
   5750.0   4.500  1.97273840e+10  7.94669306e+09
   6000.0   4.500  2.33895789e+10  9.49364195e+09
   6250.0   4.500  2.75371657e+10  1.13778956e+10
   6500.0   4.500  3.22132748e+10  1.34552889e+10
   6750.0   4.500  3.74656719e+10  1.57606741e+10
   7000.0   4.500  4.33288303e+10  1.81196437e+10
   7250.0   4.500  4.98595485e+10  2.09042031e+10
   7500.0   4.500  5.70787697e+10  2.39533651e+10
   7750.0   4.500  6.50846586e+10  2.68696609e+10
   8000.0   4.500  7.39169597e+10  2.98841152e+10
   8250.0   4.500  8.36034758e+10  3.28475922e+10
   8500.0   4.500  9.41941998e+10  3.61333056e+10
   8750.0   4.500  1.05755214e+11  3.95005398e+10
   9000.0   4.500  1.18381312e+11  4.26002136e+10
   9250.0   4.500  1.32120600e+11  4.54298285e+10
   9500.0   4.500  1.46990370e+11  4.87730455e+10
   9750.0   4.500  1.63085640e+11  5.22471143e+10
  10000.0   4.500  1.80473586e+11  5.48173679e+10
  10500.0   4.500  2.19346222e+11  5.93155513e+10
  11000.0   4.500  2.64211660e+11  6.34909099e+10
  11500.0   4.500  3.15651223e+11  6.36610144e+10
  12000.0   4.500  3.74228467e+11  7.81397410e+10
  12500.0   4.500  4.40613916e+11  8.42234462e+10
  13000.0   4.500  5.15451307e+11  9.03458338e+10
  14000.0   4.500  6.93309654e+11  1.02653775e+11
  15000.0   4.500  9.13501527e+11  1.15014278e+11
  16000.0   4.500  1.18238618e+12  1.27534809e+11
  17000.0   4.500  1.50805895e+12  1.40475545e+11
  18000.0   4.500  1.89511900e+12  1.53712288e+11
  19000.0   4.500  2.35217786e+12  1.67482886e+11
  20000.0   4.500  2.88781223e+12  1.81909067e+11
  21000.0   4.500  3.51019903e+12  1.97084681e+11
  22000.0   4.500  4.22847793e+12  2.13107390e+11
  23000.0   4.500  5.05192815e+12  2.30077693e+11
  24000.0   4.500  5.99046021e+12  2.48032361e+11
  25000.0   4.500  7.04739313e+12  2.66681237e+11
  26000.0   4.500  8.24662211e+12  2.86459967e+11
  27000.0   4.500  9.59213680e+12  3.06983225e+11
  28000.0   4.500  1.10922199e+13  3.28565171e+11
  29000.0   4.500  1.27647382e+13  3.51563714e+11
  30000.0   4.500  1.46170819e+13  3.76230817e+11
  31000.0   4.500  1.66666980e+13  4.02535190e+11
  32000.0   4.500  1.89235275e+13  4.29860599e+11
  33000.0   4.500  2.14011418e+13  4.57937839e+11
  34000.0   4.500  2.41178505e+13  4.85304410e+11
  35000.0   4.500  2.70818437e+13  5.11554792e+11
  37500.0   4.500  3.56882625e+13  5.69930654e+11
  40000.0   4.500  4.62002852e+13  6.17542200e+11
