  46
   3500.0   3.000  2.70864723e+09  3.13822179e+08
   3750.0   3.000  3.56855797e+09  6.24970626e+08
   4000.0   3.000  4.61805489e+09  1.15375371e+09
   4250.0   3.000  5.88734702e+09  1.68418314e+09
   4500.0   3.000  7.40000485e+09  2.29863871e+09
   4750.0   3.000  9.18694082e+09  3.14220714e+09
   5000.0   3.000  1.12794365e+10  4.15760309e+09
   5250.0   3.000  1.37100020e+10  5.24421786e+09
   5500.0   3.000  1.65139811e+10  6.54714906e+09
   5750.0   3.000  1.97265361e+10  8.01849489e+09
   6000.0   3.000  2.33879512e+10  9.62080967e+09
   6250.0   3.000  2.75369651e+10  1.15874528e+10
   6500.0   3.000  3.22130078e+10  1.37866338e+10
   6750.0   3.000  3.74644417e+10  1.62467619e+10
   7000.0   3.000  4.33297484e+10  1.87984873e+10
   7250.0   3.000  4.98575951e+10  2.17970231e+10
   7500.0   3.000  5.71029819e+10  2.50315169e+10
   7750.0   3.000  6.50990852e+10  2.80700838e+10
   8000.0   3.000  7.39024108e+10  3.10951860e+10
   8250.0   3.000  8.36055679e+10  3.39450838e+10
   8500.0   3.000  9.42062659e+10  3.69846369e+10
   8750.0   3.000  1.05810218e+11  4.01176618e+10
   9000.0   3.000  1.18407158e+11  4.29784132e+10
   9250.0   3.000  1.32124685e+11  4.56494323e+10
   9500.0   3.000  1.46998636e+11  4.89227896e+10
   9750.0   3.000  1.63082159e+11  5.23828151e+10
  10000.0   3.000  1.80463136e+11  5.50218441e+10
  10500.0   3.000  2.19354914e+11  5.97655953e+10
  11000.0   3.000  2.64226125e+11  6.42485856e+10
  11500.0   3.000  3.15647994e+11  6.47759820e+10
  12000.0   3.000  3.74209526e+11  7.91213915e+10
  12500.0   3.000  4.40588224e+11  8.52562317e+10
  13000.0   3.000  5.15443894e+11  9.14002905e+10
  14000.0   3.000  6.93101837e+11  1.03814344e+11
  15000.0   3.000  9.14012826e+11  1.16712363e+11
  16000.0   3.000  1.18284275e+12  1.30099706e+11
  17000.0   3.000  1.50744737e+12  1.44256340e+11
  18000.0   3.000  1.89457672e+12  1.59353211e+11
  19000.0   3.000  2.35190316e+12  1.75524202e+11
  20000.0   3.000  2.88776183e+12  1.92899547e+11
  21000.0   3.000  3.51053581e+12  2.11396780e+11
  22000.0   3.000  4.22890657e+12  2.30805450e+11
  23000.0   3.000  5.04803413e+12  2.50612116e+11
  24000.0   3.000  5.98654916e+12  2.71727150e+11
  25000.0   3.000  7.04957631e+12  2.94735978e+11
  26000.0   3.000  8.24709256e+12  3.19705048e+11
