  68
   2000.0   5.000  2.88809730e+08  2.86051904e+06
   2200.0   5.000  4.22719562e+08  7.52372327e+06
   2500.0   5.000  7.04739302e+08  2.46615296e+07
   2800.0   5.000  1.10922139e+09  6.75323532e+07
   3000.0   5.000  1.46150917e+09  1.21085125e+08
   3200.0   5.000  1.89256975e+09  2.12125316e+08
   3350.0   5.000  2.27318883e+09  3.17175480e+08
   3500.0   5.000  2.70763420e+09  4.74323968e+08
   3750.0   5.000  3.56771098e+09  7.52183416e+08
   4000.0   5.000  4.62034304e+09  1.21905930e+09
   4250.0   5.000  5.88614061e+09  1.68690339e+09
   4500.0   5.000  7.40358246e+09  2.27999376e+09
   4750.0   5.000  9.18738479e+09  3.12173804e+09
   5000.0   5.000  1.12793684e+10  4.13945798e+09
   5250.0   5.000  1.37104996e+10  5.22521665e+09
   5500.0   5.000  1.65133548e+10  6.51643795e+09
   5750.0   5.000  1.97271825e+10  7.95377972e+09
   6000.0   5.000  2.33897921e+10  9.49204408e+09
   6250.0   5.000  2.75368660e+10  1.13563663e+10
   6500.0   5.000  3.22142990e+10  1.34005121e+10
   6750.0   5.000  3.74650247e+10  1.56530422e+10
   7000.0   5.000  4.33306817e+10  1.79465688e+10
   7250.0   5.000  4.98610485e+10  2.06599181e+10
   7500.0   5.000  5.70927042e+10  2.36382275e+10
   7750.0   5.000  6.51027162e+10  2.64743778e+10
   8000.0   5.000  7.38972789e+10  2.93873584e+10
   8250.0   5.000  8.35994088e+10  3.22406019e+10
   8500.0   5.000  9.41668948e+10  3.55465159e+10
   8750.0   5.000  1.05752615e+11  3.90632435e+10
   9000.0   5.000  1.18370068e+11  4.21418321e+10
   9250.0   5.000  1.32118257e+11  4.50875197e+10
   9500.0   5.000  1.46995605e+11  4.85267275e+10
   9750.0   5.000  1.63090768e+11  5.20632449e+10
  10000.0   5.000  1.80474524e+11  5.46658751e+10
  10500.0   5.000  2.19357603e+11  5.91750108e+10
  11000.0   5.000  2.64230971e+11  6.33030360e+10
  11500.0   5.000  3.15651542e+11  6.33793996e+10
  12000.0   5.000  3.74225699e+11  7.77841213e+10
  12500.0   5.000  4.40596531e+11  8.37902514e+10
  13000.0   5.000  5.15441509e+11  8.98621055e+10
  14000.0   5.000  6.93256445e+11  1.02134394e+11
  15000.0   5.000  9.13459777e+11  1.14520031e+11
  16000.0   5.000  1.18233233e+12  1.27024071e+11
  17000.0   5.000  1.50803769e+12  1.39861837e+11
  18000.0   5.000  1.89504078e+12  1.52906139e+11
  19000.0   5.000  2.35216807e+12  1.66380152e+11
  20000.0   5.000  2.88764313e+12  1.80398507e+11
  21000.0   5.000  3.50977463e+12  1.95057466e+11
  22000.0   5.000  4.22786069e+12  2.10451607e+11
  23000.0   5.000  5.05098184e+12  2.26692652e+11
  24000.0   5.000  5.98906731e+12  2.43850224e+11
  25000.0   5.000  7.05250904e+12  2.61995815e+11
  26000.0   5.000  8.24422749e+12  2.80886131e+11
  27000.0   5.000  9.58994709e+12  3.00997141e+11
  28000.0   5.000  1.10943303e+13  3.22016822e+11
  29000.0   5.000  1.27643241e+13  3.44146998e+11
  30000.0   5.000  1.46186660e+13  3.67610386e+11
  31000.0   5.000  1.66668548e+13  3.92590920e+11
  32000.0   5.000  1.89230944e+13  4.18807259e+11
  33000.0   5.000  2.14020995e+13  4.46070089e+11
  34000.0   5.000  2.41171914e+13  4.73791288e+11
  35000.0   5.000  2.70825795e+13  5.00923908e+11
  37500.0   5.000  3.56885698e+13  5.64473754e+11
  40000.0   5.000  4.62006615e+13  6.17513657e+11
  42500.0   5.000  5.88759809e+13  6.62394920e+11
  45000.0   5.000  7.39948433e+13  7.04988648e+11
  47500.0   5.000  9.18346689e+13  7.47432131e+11
  50000.0   5.000  1.12736398e+14  7.89842484e+11
