  23
   3500.0   1.500  2.70709880e+09  2.10483988e+08
   3750.0   1.500  3.56973095e+09  6.04017077e+08
   4000.0   1.500  4.62000194e+09  1.09840702e+09
   4250.0   1.500  5.88937245e+09  1.70513269e+09
   4500.0   1.500  7.40349578e+09  2.30583490e+09
   4750.0   1.500  9.18712430e+09  3.15918268e+09
   5000.0   1.500  1.12789478e+10  4.19594826e+09
   5250.0   1.500  1.37096435e+10  5.31342444e+09
   5500.0   1.500  1.65143220e+10  6.65951567e+09
   5750.0   1.500  1.97278490e+10  8.18932564e+09
   6000.0   1.500  2.33888452e+10  9.85899493e+09
   6250.0   1.500  2.75371686e+10  1.19327145e+10
   6500.0   1.500  3.22149189e+10  1.42683513e+10
   6750.0   1.500  3.74661743e+10  1.68371679e+10
   7000.0   1.500  4.33314961e+10  1.94478152e+10
   7250.0   1.500  4.98594555e+10  2.23665227e+10
   7500.0   1.500  5.71019362e+10  2.54480771e+10
   7750.0   1.500  6.51348983e+10  2.83677816e+10
   8000.0   1.500  7.39255452e+10  3.12146814e+10
   8250.0   1.500  8.36029343e+10  3.38081317e+10
   8500.0   1.500  9.42030256e+10  3.65476894e+10
   8750.0   1.500  1.05753375e+11  3.97876987e+10
   9000.0   1.500  1.18428984e+11  4.19509057e+10
